# JRE version: OpenJDK Runtime Environment (11.0.8+10) (build 11.0.8+10-b944.6916264)
# Java VM: OpenJDK 64-Bit Server VM (11.0.8+10-b944.6916264, mixed mode, tiered, compressed oops, g1 gc, bsd-amd64)
Heap:
 garbage-first heap   total 131072K, used 42345K [0x0000000780000000, 0x0000000800000000)
  region size 1024K, 27 young (27648K), 1 survivors (1024K)
 Metaspace       used 23291K, capacity 23887K, committed 24192K, reserved 1071104K
  class space    used 2966K, capacity 3168K, committed 3200K, reserved 1048576K
GC Heap History (6 events):
Event: 1.189 GC heap before
{Heap before GC invocations=0 (full 0):
 garbage-first heap   total 131072K, used 29696K [0x0000000780000000, 0x0000000800000000)
  region size 1024K, 24 young (24576K), 0 survivors (0K)
 Metaspace       used 10620K, capacity 10948K, committed 11264K, reserved 1058816K
  class space    used 1126K, capacity 1200K, committed 1280K, reserved 1048576K
}
Event: 1.201 GC heap after
{Heap after GC invocations=1 (full 0):
 garbage-first heap   total 131072K, used 8604K [0x0000000780000000, 0x0000000800000000)
  region size 1024K, 3 young (3072K), 3 survivors (3072K)
 Metaspace       used 10620K, capacity 10948K, committed 11264K, reserved 1058816K
  class space    used 1126K, capacity 1200K, committed 1280K, reserved 1048576K
}
Event: 2.551 GC heap before
{Heap before GC invocations=1 (full 0):
 garbage-first heap   total 131072K, used 82332K [0x0000000780000000, 0x0000000800000000)
  region size 1024K, 76 young (77824K), 3 survivors (3072K)
 Metaspace       used 19889K, capacity 20370K, committed 20608K, reserved 1067008K
  class space    used 2428K, capacity 2586K, committed 2688K, reserved 1048576K
}
Event: 2.561 GC heap after
{Heap after GC invocations=2 (full 0):
 garbage-first heap   total 131072K, used 15820K [0x0000000780000000, 0x0000000800000000)
  region size 1024K, 10 young (10240K), 10 survivors (10240K)
 Metaspace       used 19889K, capacity 20370K, committed 20608K, reserved 1067008K
  class space    used 2428K, capacity 2586K, committed 2688K, reserved 1048576K
}
Event: 2.631 GC heap before
{Heap before GC invocations=2 (full 0):
 garbage-first heap   total 131072K, used 18892K [0x0000000780000000, 0x0000000800000000)
  region size 1024K, 14 young (14336K), 10 survivors (10240K)
 Metaspace       used 20514K, capacity 21021K, committed 21248K, reserved 1067008K
  class space    used 2525K, capacity 2701K, committed 2816K, reserved 1048576K
}
Event: 2.641 GC heap after
{Heap after GC invocations=3 (full 0):
 garbage-first heap   total 131072K, used 16745K [0x0000000780000000, 0x0000000800000000)
  region size 1024K, 1 young (1024K), 1 survivors (1024K)
 Metaspace       used 20514K, capacity 21021K, committed 21248K, reserved 1067008K
  class space    used 2525K, capacity 2701K, committed 2816K, reserved 1048576K
}

